<?xml version="1.0" encoding="UTF-8"?>
<!-- Generated by org.testng.reporters.JUnitReportReporter -->
<testsuite hostname="pc-28.home" failures="0" tests="2" name="almosafer.almosafer.almosafer" time="3.627" errors="0" timestamp="2023-04-03T01:36:33 AST" skipped="0">
  <testcase classname="almosafer.almosafer.almosafer" name="post" time="0.818"/>
  <system-out/>
  <testcase classname="almosafer.almosafer.almosafer" name="GET" time="2.809"/>
  <system-out/>
</testsuite> <!-- almosafer.almosafer.almosafer -->
